Determining if the C compiler works failed with the following output:
Change Dir: C:/Users/User/Desktop/MADE/Algs/Homework/18.Выпуклая оболочка 2D/cmake-build-debug/CMakeFiles/CMakeTmp

Run Build Command(s):C:/PROGRA~2/MINGW-~1/I686-8~1.0-P/mingw32/bin/mingw32-make.exe cmTC_d9f16/fast && C:/PROGRA~2/MINGW-~1/I686-8~1.0-P/mingw32/bin/mingw32-make.exe -f CMakeFiles\cmTC_d9f16.dir\build.make CMakeFiles/cmTC_d9f16.dir/build
mingw32-make.exe[1]: Entering directory 'C:/Users/User/Desktop/MADE/Algs/Homework/18.┬√яєъыр  юсюыюўър 2D/cmake-build-debug/CMakeFiles/CMakeTmp'
Building C object CMakeFiles/cmTC_d9f16.dir/testCCompiler.c.obj
C:\PROGRA~2\MINGW-~1\I686-8~1.0-P\mingw32\bin\gcc.exe    -o CMakeFiles\cmTC_d9f16.dir\testCCompiler.c.obj   -c "C:\Users\User\Desktop\MADE\Algs\Homework\18.╨Т╤Л╨┐╤Г╨║╨╗╨░╤П ╨╛╨▒╨╛╨╗╨╛╤З╨║╨░ 2D\cmake-build-debug\CMakeFiles\CMakeTmp\testCCompiler.c"
gcc.exe: error: C:\Users\User\Desktop\MADE\Algs\Homework\18.╨Т╤Л╨┐╤Г╨║╨╗╨░╤П ╨╛╨▒╨╛╨╗╨╛╤З╨║╨░ 2D\cmake-build-debug\CMakeFiles\CMakeTmp\testCCompiler.c: No such file or directory
gcc.exe: fatal error: no input files
compilation terminated.
mingw32-make.exe[1]: *** [CMakeFiles\cmTC_d9f16.dir\build.make:65: CMakeFiles/cmTC_d9f16.dir/testCCompiler.c.obj] Error 1
mingw32-make.exe[1]: Leaving directory 'C:/Users/User/Desktop/MADE/Algs/Homework/18.┬√яєъыр  юсюыюўър 2D/cmake-build-debug/CMakeFiles/CMakeTmp'
mingw32-make.exe: *** [Makefile:120: cmTC_d9f16/fast] Error 2



