Determining if the C compiler works failed with the following output:
Change Dir: C:/Users/User/Desktop/MADE/Algs/Homework/2_3.Тупики/cmake-build-debug/CMakeFiles/CMakeTmp

Run Build Command(s):C:/PROGRA~2/MINGW-~1/I686-8~1.0-P/mingw32/bin/mingw32-make.exe cmTC_36f9d/fast && C:/PROGRA~2/MINGW-~1/I686-8~1.0-P/mingw32/bin/mingw32-make.exe -f CMakeFiles\cmTC_36f9d.dir\build.make CMakeFiles/cmTC_36f9d.dir/build
mingw32-make.exe[1]: Entering directory 'C:/Users/User/Desktop/MADE/Algs/Homework/2_3.╥єяшъш/cmake-build-debug/CMakeFiles/CMakeTmp'
Building C object CMakeFiles/cmTC_36f9d.dir/testCCompiler.c.obj
C:\PROGRA~2\MINGW-~1\I686-8~1.0-P\mingw32\bin\gcc.exe    -o CMakeFiles\cmTC_36f9d.dir\testCCompiler.c.obj   -c C:\Users\User\Desktop\MADE\Algs\Homework\2_3.╨в╤Г╨┐╨╕╨║╨╕\cmake-build-debug\CMakeFiles\CMakeTmp\testCCompiler.c
gcc.exe: error: C:\Users\User\Desktop\MADE\Algs\Homework\2_3.╨в╤Г╨┐╨╕╨║╨╕\cmake-build-debug\CMakeFiles\CMakeTmp\testCCompiler.c: No such file or directory
gcc.exe: fatal error: no input files
compilation terminated.
mingw32-make.exe[1]: *** [CMakeFiles\cmTC_36f9d.dir\build.make:65: CMakeFiles/cmTC_36f9d.dir/testCCompiler.c.obj] Error 1
mingw32-make.exe[1]: Leaving directory 'C:/Users/User/Desktop/MADE/Algs/Homework/2_3.╥єяшъш/cmake-build-debug/CMakeFiles/CMakeTmp'
mingw32-make.exe: *** [Makefile:120: cmTC_36f9d/fast] Error 2



